\BOOKMARK [1][-]{section.1}{\376\377\117\341\123\367\166\204\123\321\220\001}{}% 1
\BOOKMARK [1][-]{section.2}{\376\377\117\341\123\367\143\245\145\066\116\016\131\004\164\006}{}% 2
\BOOKMARK [2][-]{subsection.2.1}{\376\377\166\356\150\007\217\375\216\052}{section.2}% 3
\BOOKMARK [3][-]{subsubsection.2.1.1}{\376\377\123\141\134\024\146\374\156\344\154\342}{subsection.2.1}% 4
\BOOKMARK [4][-]{paragraph.2.1.1.1}{\376\377\123\141\134\024\146\374\156\344\154\342\166\204\127\372\147\054\123\237\164\006}{subsubsection.2.1.1}% 5
\BOOKMARK [4][-]{paragraph.2.1.1.2}{\376\377\123\141\134\024\146\374\156\344\154\342\166\204\162\171\140\047}{subsubsection.2.1.1}% 6
\BOOKMARK [4][-]{paragraph.2.1.1.3}{\376\377\123\141\134\024\146\374\156\344\154\342\166\204\116\015\215\263}{subsubsection.2.1.1}% 7
\BOOKMARK [3][-]{subsubsection.2.1.2}{\376\377\174\222\133\120\156\344\154\342}{subsection.2.1}% 8
\BOOKMARK [4][-]{paragraph.2.1.2.1}{\376\377\127\060\154\342\226\367\217\276\166\204\131\032\171\315\143\242\155\113\145\271\154\325}{subsubsection.2.1.2}% 9
\BOOKMARK [4][-]{paragraph.2.1.2.2}{\376\377\000\040\174\222\133\120\156\344\154\342\154\325\166\204\117\030\122\277}{subsubsection.2.1.2}% 10
\BOOKMARK [4][-]{paragraph.2.1.2.3}{\376\377\174\222\133\120\156\344\154\342\154\325\123\237\164\006}{subsubsection.2.1.2}% 11
\BOOKMARK [1][-]{section.3}{\376\377\226\367\217\276\174\373\176\337\117\030\123\026}{}% 12
\BOOKMARK [1][-]{section.4}{\376\377\152\041\147\177\117\177\165\050\230\173\167\345}{}% 13
\BOOKMARK [2][-]{subsection.4.1}{\376\377\154\350\141\017\116\213\230\171}{section.4}% 14
\BOOKMARK [2][-]{subsection.4.2}{\376\377\152\041\147\177\116\313\176\315}{section.4}% 15
\BOOKMARK [2][-]{subsection.4.3}{\376\377\121\150\134\100\220\011\230\171}{section.4}% 16
\BOOKMARK [2][-]{subsection.4.4}{\376\377\145\160\133\146\133\127\117\123\220\011\230\171}{section.4}% 17
\BOOKMARK [2][-]{subsection.4.5}{\376\377\116\055\145\207\133\127\117\123\220\011\230\171}{section.4}% 18
\BOOKMARK [3][-]{subsubsection.4.5.1}{\376\377\145\271\153\143\133\127\117\123\220\011\230\171}{subsection.4.5}% 19
\BOOKMARK [3][-]{subsubsection.4.5.2}{\376\377\121\166\116\326\116\055\145\207\133\127\117\123}{subsection.4.5}% 20
\BOOKMARK [2][-]{subsection.4.6}{\376\377\201\352\133\232\116\111\124\175\116\344}{section.4}% 21
\BOOKMARK [2][-]{subsection.4.7}{\376\377\123\302\200\003\145\207\163\056}{section.4}% 22
\BOOKMARK [1][-]{section.5}{\376\377\117\177\165\050\000\040\000n\000e\000w\000t\000x\000\040\174\373\122\027\133\127\117\123}{}% 23
\BOOKMARK [2][-]{subsection.5.1}{\376\377\217\336\133\127\173\046}{section.5}% 24
\BOOKMARK [2][-]{subsection.5.2}{\376\377\133\217\123\005\121\262\172\201}{section.5}% 25
\BOOKMARK [1][-]{section.6}{\376\377\136\070\211\301\225\356\230\230\000\040\000F\000A\000Q}{}% 26
\BOOKMARK [1][-]{section.7}{\376\377\201\364\214\042}{}% 27
